<?xml version="1.0" encoding="UTF-8"?>
<!-- Generated by org.testng.reporters.JUnitReportReporter -->
<testsuite hostname="LAPTOP-6PECVGGD" failures="0" tests="1" name="testRunner.TestRunner" time="67.796" errors="0" timestamp="2025-09-06T09:48:56 IST" skipped="0">
  <testcase classname="testRunner.TestRunner" name="runScenario" time="67.796"/>
</testsuite> <!-- testRunner.TestRunner -->
